<?xml version="1.0" encoding="UTF-8"?>
<!-- Generated by org.testng.reporters.JUnitReportReporter -->
<testsuite skipped="0" hostname="ASDP1747PO02529" name="gmailautomation.gmailTests" tests="3" failures="0" timestamp="03 Jul 2018 04:15:27 GMT" time="9.768" errors="0">
  <testcase name="loginGmail" time="1.484" classname="gmailautomation.gmailTests"/>
  <testcase name="unreadMails" time="7.945" classname="gmailautomation.gmailTests"/>
  <testcase name="readFirstUnreadMail" time="0.339" classname="gmailautomation.gmailTests"/>
</testsuite> <!-- gmailautomation.gmailTests -->
